<testsuites id="" name="" tests="32" failures="2" skipped="8" errors="0" time="218.580691">
<testsuite name="Alert.spec.js" timestamp="2025-04-14T06:25:45.815Z" hostname="chromium" tests="3" failures="0" skipped="0" time="98.835" errors="0">
<testcase name="@smoke Alert handle" classname="Alert.spec.js" time="43.993">
<system-out>
<![CDATA[ The popup name is I am an alert box!
]]>
</system-out>
</testcase>
<testcase name="@smoke Confirm alert handle" classname="Alert.spec.js" time="36.689">
<system-out>
<![CDATA[ The popup name is Press a button!
]]>
</system-out>
</testcase>
<testcase name="Prompt alert" classname="Alert.spec.js" time="18.153">
</testcase>
</testsuite>
<testsuite name="date_picker.spec.js" timestamp="2025-04-14T06:25:45.815Z" hostname="chromium" tests="2" failures="0" skipped="1" time="39.445" errors="0">
<testcase name="Datepicker" classname="date_picker.spec.js" time="0">
<properties>
<property name="skip" value="">
</property>
</properties>
<skipped>
</skipped>
</testcase>
<testcase name="calender_selector" classname="date_picker.spec.js" time="39.445">
</testcase>
</testsuite>
<testsuite name="Drag_drop.spec.js" timestamp="2025-04-14T06:25:45.815Z" hostname="chromium" tests="1" failures="0" skipped="0" time="46.12" errors="0">
<testcase name="Drag and drop action" classname="Drag_drop.spec.js" time="46.12">
<system-out>
<![CDATA[
[[ATTACHMENT|test-results\Drag_drop-Drag-and-drop-action-chromium-retry1\trace.zip]]
]]>
</system-out>
</testcase>
</testsuite>
<testsuite name="dynamicDropdown.spec.js" timestamp="2025-04-14T06:25:45.815Z" hostname="chromium" tests="1" failures="0" skipped="0" time="34.32" errors="0">
<testcase name="Dynamicdropdown" classname="dynamicDropdown.spec.js" time="34.32">
</testcase>
</testsuite>
<testsuite name="example.spec.js" timestamp="2025-04-14T06:25:45.815Z" hostname="chromium" tests="2" failures="0" skipped="0" time="26.479" errors="0">
<testcase name="has title" classname="example.spec.js" time="15.237">
</testcase>
<testcase name="get started link" classname="example.spec.js" time="11.242">
</testcase>
</testsuite>
<testsuite name="frame.spec.js" timestamp="2025-04-14T06:25:45.815Z" hostname="chromium" tests="2" failures="1" skipped="0" time="58.617" errors="0">
<testcase name="Frames pratice" classname="frame.spec.js" time="14.396">
<system-out>
<![CDATA[The number of frames located in a page are 4
]]>
</system-out>
</testcase>
<testcase name="Nestedframes" classname="frame.spec.js" time="44.221">
<failure message="frame.spec.js:19:5 Nestedframes" type="FAILURE">
<![CDATA[  [chromium] › frame.spec.js:19:5 › Nestedframes ───────────────────────────────────────────────────

    TypeError: Cannot read properties of null (reading 'locator')

      23 |   let frame1= await page.frame({url: 'frame_1.html'})
      24 |   
    > 25 | await  frame1.locator('//*[@id="id1"]/div/input').click()
         |               ^
      26 |   
      27 | //  let childframe=await frame1.childFrames();
      28 |
        at C:\Users\sugum\Documents\Playwright_class\tests\frame.spec.js:25:15

    Retry #1 ───────────────────────────────────────────────────────────────────────────────────────

    TypeError: Cannot read properties of null (reading 'locator')

      23 |   let frame1= await page.frame({url: 'frame_1.html'})
      24 |   
    > 25 | await  frame1.locator('//*[@id="id1"]/div/input').click()
         |               ^
      26 |   
      27 | //  let childframe=await frame1.childFrames();
      28 |
        at C:\Users\sugum\Documents\Playwright_class\tests\frame.spec.js:25:15

    attachment #1: trace (application/zip) ─────────────────────────────────────────────────────────
    test-results\frame-Nestedframes-chromium-retry1\trace.zip
    Usage:

        npx playwright show-trace test-results\frame-Nestedframes-chromium-retry1\trace.zip

    ────────────────────────────────────────────────────────────────────────────────────────────────

    Retry #2 ───────────────────────────────────────────────────────────────────────────────────────

    TypeError: Cannot read properties of null (reading 'locator')

      23 |   let frame1= await page.frame({url: 'frame_1.html'})
      24 |   
    > 25 | await  frame1.locator('//*[@id="id1"]/div/input').click()
         |               ^
      26 |   
      27 | //  let childframe=await frame1.childFrames();
      28 |
        at C:\Users\sugum\Documents\Playwright_class\tests\frame.spec.js:25:15
]]>
</failure>
<system-out>
<![CDATA[
[[ATTACHMENT|test-results\frame-Nestedframes-chromium-retry1\trace.zip]]
]]>
</system-out>
</testcase>
</testsuite>
<testsuite name="groping.spec.js" timestamp="2025-04-14T06:25:45.815Z" hostname="chromium" tests="4" failures="0" skipped="0" time="10.302" errors="0">
<testcase name="Group1 › test1" classname="groping.spec.js" time="4.908">
<system-out>
<![CDATA[The test1
]]>
</system-out>
</testcase>
<testcase name="Group1 › test2" classname="groping.spec.js" time="2.719">
<system-out>
<![CDATA[The test2
]]>
</system-out>
</testcase>
<testcase name="Group2 › test3" classname="groping.spec.js" time="1.907">
<system-out>
<![CDATA[The test3
]]>
</system-out>
</testcase>
<testcase name="Group2 › test4" classname="groping.spec.js" time="0.768">
<system-out>
<![CDATA[The test4
]]>
</system-out>
</testcase>
</testsuite>
<testsuite name="hide_show.spec.js" timestamp="2025-04-14T06:25:45.815Z" hostname="chromium" tests="3" failures="0" skipped="0" time="9.49" errors="0">
<testcase name="hideandshow" classname="hide_show.spec.js" time="6.238">
<system-out>
<![CDATA[The hidden box is not visible true
The hidden box is visible true
]]>
</system-out>
</testcase>
<testcase name="Test1 @smoke" classname="hide_show.spec.js" time="1.035">
<system-out>
<![CDATA[ test is passed 
]]>
</system-out>
</testcase>
<testcase name="Test2 @smoke" classname="hide_show.spec.js" time="2.217">
<system-out>
<![CDATA[ test2 is passed 
]]>
</system-out>
</testcase>
</testsuite>
<testsuite name="keyboard.spec.js" timestamp="2025-04-14T06:25:45.815Z" hostname="chromium" tests="1" failures="0" skipped="0" time="17.047" errors="0">
<testcase name="Keyboard action" classname="keyboard.spec.js" time="17.047">
</testcase>
</testsuite>
<testsuite name="Mouse_hover.spec.js" timestamp="2025-04-14T06:25:45.815Z" hostname="chromium" tests="3" failures="1" skipped="1" time="113.129" errors="0">
<testcase name="Keyboard action" classname="Mouse_hover.spec.js" time="19.904">
</testcase>
<testcase name="Double click" classname="Mouse_hover.spec.js" time="0">
<properties>
<property name="skip" value="">
</property>
</properties>
<skipped>
</skipped>
</testcase>
<testcase name="Right click" classname="Mouse_hover.spec.js" time="93.225">
<failure message="Mouse_hover.spec.js:27:5 Right click" type="FAILURE">
<![CDATA[  [chromium] › Mouse_hover.spec.js:27:5 › Right click ──────────────────────────────────────────────

    Test timeout of 30000ms exceeded.

    Error: page.waitForEvent: Test timeout of 30000ms exceeded.
    =========================== logs ===========================
    waiting for event "popup"
    ============================================================

      36 |
      37 |   const Popup01 = await Promise.all([
    > 38 |    page.waitForEvent('popup'),       // Wait for popup to open
         |         ^
      39 |     page.click('[class="context-menu-one btn btn-neutral"]', { button: 'right' })
      40 |   //  page.click('/html/body/ul/li[2]')  // Action that triggers popup
      41 |   ]);
        at C:\Users\sugum\Documents\Playwright_class\tests\Mouse_hover.spec.js:38:9

    Retry #1 ───────────────────────────────────────────────────────────────────────────────────────

    Test timeout of 30000ms exceeded.

    Error: page.waitForEvent: Test timeout of 30000ms exceeded.
    =========================== logs ===========================
    waiting for event "popup"
    ============================================================

      36 |
      37 |   const Popup01 = await Promise.all([
    > 38 |    page.waitForEvent('popup'),       // Wait for popup to open
         |         ^
      39 |     page.click('[class="context-menu-one btn btn-neutral"]', { button: 'right' })
      40 |   //  page.click('/html/body/ul/li[2]')  // Action that triggers popup
      41 |   ]);
        at C:\Users\sugum\Documents\Playwright_class\tests\Mouse_hover.spec.js:38:9

    attachment #2: trace (application/zip) ─────────────────────────────────────────────────────────
    test-results\Mouse_hover-Right-click-chromium-retry1\trace.zip
    Usage:

        npx playwright show-trace test-results\Mouse_hover-Right-click-chromium-retry1\trace.zip

    ────────────────────────────────────────────────────────────────────────────────────────────────

    Retry #2 ───────────────────────────────────────────────────────────────────────────────────────

    Test timeout of 30000ms exceeded.

    Error: page.waitForEvent: Test timeout of 30000ms exceeded.
    =========================== logs ===========================
    waiting for event "popup"
    ============================================================

      36 |
      37 |   const Popup01 = await Promise.all([
    > 38 |    page.waitForEvent('popup'),       // Wait for popup to open
         |         ^
      39 |     page.click('[class="context-menu-one btn btn-neutral"]', { button: 'right' })
      40 |   //  page.click('/html/body/ul/li[2]')  // Action that triggers popup
      41 |   ]);
        at C:\Users\sugum\Documents\Playwright_class\tests\Mouse_hover.spec.js:38:9
]]>
</failure>
<system-out>
<![CDATA[
[[ATTACHMENT|test-results\Mouse_hover-Right-click-chromium-retry1\trace.zip]]
]]>
</system-out>
</testcase>
</testsuite>
<testsuite name="orange_hrms_login.spec.js" timestamp="2025-04-14T06:25:45.815Z" hostname="chromium" tests="6" failures="0" skipped="6" time="0" errors="0">
<testcase name="login test" classname="orange_hrms_login.spec.js" time="0">
<properties>
<property name="skip" value="">
</property>
</properties>
<skipped>
</skipped>
</testcase>
<testcase name="pratice radio" classname="orange_hrms_login.spec.js" time="0">
<properties>
<property name="skip" value="">
</property>
</properties>
<skipped>
</skipped>
</testcase>
<testcase name="pratice check" classname="orange_hrms_login.spec.js" time="0">
<properties>
<property name="skip" value="">
</property>
</properties>
<skipped>
</skipped>
</testcase>
<testcase name="pratice check2" classname="orange_hrms_login.spec.js" time="0">
<properties>
<property name="skip" value="">
</property>
</properties>
<skipped>
</skipped>
</testcase>
<testcase name="pratice dropdown" classname="orange_hrms_login.spec.js" time="0">
<properties>
<property name="skip" value="">
</property>
</properties>
<skipped>
</skipped>
</testcase>
<testcase name="Multi_select_option" classname="orange_hrms_login.spec.js" time="0">
<properties>
<property name="skip" value="">
</property>
</properties>
<skipped>
</skipped>
</testcase>
</testsuite>
<testsuite name="page.spec.js" timestamp="2025-04-14T06:25:45.815Z" hostname="chromium" tests="1" failures="0" skipped="0" time="19.303" errors="0">
<testcase name="Multipletabs" classname="page.spec.js" time="19.303">
</testcase>
</testsuite>
<testsuite name="Screenshot.spec.js" timestamp="2025-04-14T06:25:45.815Z" hostname="chromium" tests="1" failures="0" skipped="0" time="8.918" errors="0">
<testcase name="ScreenshotExp" classname="Screenshot.spec.js" time="8.918">
</testcase>
</testsuite>
<testsuite name="Upload_files.spec.js" timestamp="2025-04-14T06:25:45.815Z" hostname="chromium" tests="1" failures="0" skipped="0" time="25.884" errors="0">
<testcase name="Upload file" classname="Upload_files.spec.js" time="25.884">
</testcase>
</testsuite>
<testsuite name="Window_handle.spec.js" timestamp="2025-04-14T06:25:45.815Z" hostname="chromium" tests="1" failures="0" skipped="0" time="19.439" errors="0">
<testcase name="Multiplewindow" classname="Window_handle.spec.js" time="19.439">
</testcase>
</testsuite>
</testsuites>